Web server listening at: http://0.0.0.0:3000
Browse your REST API at http://0.0.0.0:3000/explorer
Created user: { username: 'Hoang Phu',
  email: 'nghoangphu@gmail.com',
  password: '$2a$10$3.AG.CDs0e5cBmz9OhroPuHQFvhoYBaxoxJijihfqjswhNlff/iAm',
  id: 1 }
Created user: { username: 'Phuong Lan',
  email: 'phuongzlan@gmail.com',
  password: '$2a$10$tWmE5NIwOP230sLOUQ.R0eoH8v1wqOJj3qYmuObrfCPvaJctF.iai',
  id: 2 }
Created user: { username: 'Hoang Phu',
  email: 'nghoangphu@gmail.com',
  password: '$2a$10$MTnYv0bDtjIZJOPoUb3wTesD.vRnjRpqTmCGCxK9hgjDtfR8JGCfG',
  id: 1 }
Created user: { username: 'Phuong Lan',
  email: 'phuongzlan@gmail.com',
  password: '$2a$10$33aQGNvTCdNGQ.3ppql84.E4ITKgmixT7tpvJHjfwz5Oi0ZtM8Wdq',
  id: 2 }
Create job:  { serviceName: 'Service name for Phu',
  serverFirstName: 'Server first name for Phu',
  ownerId: 1,
  id: 1 }
Create job:  [ { serviceName: 'Service name 1 for Lan',
    serverFirstName: 'Server first name 1 for Lan',
    ownerId: 2,
    id: 2 },
  { serviceName: 'Service name 2 for Lan',
    serverFirstName: 'Server first name 2 for Lan',
    ownerId: 2,
    id: 3 } ]
Create job:  { serviceName: 'Service name for Phu',
  serverFirstName: 'Server first name for Phu',
  ownerId: 1,
  id: 1 }
Create job:  [ { serviceName: 'Service name 1 for Lan',
    serverFirstName: 'Server first name 1 for Lan',
    ownerId: 2,
    id: 2 },
  { serviceName: 'Service name 2 for Lan',
    serverFirstName: 'Server first name 2 for Lan',
    ownerId: 2,
    id: 3 } ]
